# configure exec: ./configure --prefix=/mnt/c/jsdev1/patronus-data-engine/node_modules/node-rdkafka/build/deps --libdir=/mnt/c/jsdev1/patronus-data-engine/node_modules/node-rdkafka/build/deps --prefix=/mnt/c/jsdev1/patronus-data-engine/node_modules/node-rdkafka/build/deps --libdir=/mnt/c/jsdev1/patronus-data-engine/node_modules/node-rdkafka/build/deps
# On Tue Nov 26 06:59:54 IST 2019
DBG 179: Setting distro (distro) status to ok (action ignore)
DBG 179: ccenv: WITH_CC:  --version failed: mklove/modules/configure.base: line 1711: --version: command not found
DBG 179: Setting ccenv (ccenv) status to failed (action cont)
DBG 179: Check ccenv (WITH_CC, action cont (originally cont)) failed: command ' --version' failed:
mklove/modules/configure.base: line 1711: --version: command not found
DBG 179: Setting gcc (gcc) status to ok (action cont)
DBG 179: cxxenv: WITH_CXX:  --version failed: mklove/modules/configure.base: line 1711: --version: command not found
DBG 179: Setting cxxenv (cxxenv) status to failed (action cont)
DBG 179: Check cxxenv (WITH_CXX, action cont (originally cont)) failed: command ' --version' failed:
mklove/modules/configure.base: line 1711: --version: command not found
DBG 179: Setting gxx (gxx) status to ok (action cont)
DBG 179: Setting ld (ld) status to ok (action disable)
DBG 179: Setting nm (nm) status to ok (action disable)
DBG 179: Setting objdump (objdump) status to ok (action disable)
DBG 179: Setting strip (strip) status to ok (action disable)
DBG 179: pkgconfig: WITH_PKGCONFIG: pkg-config --version failed: mklove/modules/configure.base: line 1711: pkg-config: command not found
DBG 179: Setting pkgconfig (pkgconfig) status to failed (action cont)
DBG 179: Check pkgconfig (WITH_PKGCONFIG, action cont (originally cont)) failed: command 'pkg-config --version' failed:
mklove/modules/configure.base: line 1711: pkg-config: command not found
DBG 179: Setting install (install) status to ok (action cont)
DBG 179: Compile check PIC (HAVE_PIC) (sub=0): gcc  -g -O2 -Wall -Werror _mkltmpXSxPUE.c -o _mkltmpXSxPUE.c.o  -L/mnt/c/jsdev1/patronus-data-engine/node_modules/node-rdkafka/build/deps -fPIC
DBG 179: Setting PIC (PIC) status to ok (action disable)
DBG 179: Compile check gnulib (WITH_GNULD) (sub=0): gcc  -g -O2 -fPIC -Wall -Werror _mkltmpIPsTV2.c -o _mkltmpIPsTV2.c.o  -L/mnt/c/jsdev1/patronus-data-engine/node_modules/node-rdkafka/build/deps -shared -Wl,-soname,mkltest.0
DBG 179: Setting gnulib (gnulib) status to ok (action cont)
DBG 179: Compile check ldsflagvs () (sub=0): gcc  -g -O2 -fPIC -Wall -Werror _mkltmpWbniWe.c -o _mkltmpWbniWe.c.o  -L/mnt/c/jsdev1/patronus-data-engine/node_modules/node-rdkafka/build/deps -shared -Wl,--version-script=_mkltmpAWJ1bV
DBG 179: Setting ldsflagvs (ldsflagvs) status to ok (action cont)
DBG 179: Compile check __atomic_32 (HAVE_ATOMICS_32) (sub=0): gcc  -g -O2 -fPIC -Wall -Werror _mkltmpL4uSl6.c -o _mkltmpL4uSl6.c.o  -L/mnt/c/jsdev1/patronus-data-engine/node_modules/node-rdkafka/build/deps 
DBG 179: Setting __atomic_32 (__atomic_32) status to ok (action cont)
DBG 179: Compile check __atomic_64 (HAVE_ATOMICS_64) (sub=0): gcc  -g -O2 -fPIC -Wall -Werror _mkltmpCvDgE8.c -o _mkltmpCvDgE8.c.o  -L/mnt/c/jsdev1/patronus-data-engine/node_modules/node-rdkafka/build/deps 
DBG 179: Setting __atomic_64 (__atomic_64) status to ok (action cont)
DBG 179: Compile check socket () (sub=0): gcc  -g -O2 -fPIC -Wall -Wsign-compare -Wfloat-equal -Wpointer-arith -Wcast-align -Wall -Werror _mkltmpW6fBv1.c -o _mkltmpW6fBv1.c.o  -L/mnt/c/jsdev1/patronus-data-engine/node_modules/node-rdkafka/build/deps 
DBG 179: Setting socket (socket) status to ok (action cont)
DBG 179: Setting parseversion (parseversion) status to ok (action cont)
DBG 179: librt: Check for static library (libs -lrt, arfile variable STATIC_LIB_librt=, static filenames )
DBG 179: Compile check librt () (sub=0): gcc  -g -O2 -fPIC -Wall -Wsign-compare -Wfloat-equal -Wpointer-arith -Wcast-align -Wall -Werror _mkltmp7JOOUH.c -o _mkltmp7JOOUH.c.o  -L/mnt/c/jsdev1/patronus-data-engine/node_modules/node-rdkafka/build/deps -lrt
DBG 179: Setting librt (librt) status to ok (action cont)
DBG 179: librt: from lib_check: LIBS: prepend -lrt
DBG 179: libpthread: Check for static library (libs -lpthread, arfile variable STATIC_LIB_libpthread=, static filenames )
DBG 179: Compile check libpthread () (sub=0): gcc  -g -O2 -fPIC -Wall -Wsign-compare -Wfloat-equal -Wpointer-arith -Wcast-align -Wall -Werror _mkltmpoK7tdK.c -o _mkltmpoK7tdK.c.o  -L/mnt/c/jsdev1/patronus-data-engine/node_modules/node-rdkafka/build/deps -lpthread
DBG 179: Setting libpthread (libpthread) status to ok (action fail)
DBG 179: libpthread: from lib_check: LIBS: prepend -lpthread
DBG 179: c11threads: Check for static library (libs -lpthread -lrt, arfile variable STATIC_LIB_c11threads=, static filenames )
DBG 179: Compile check c11threads (WITH_C11THREADS) (sub=0): gcc  -g -O2 -fPIC -Wall -Wsign-compare -Wfloat-equal -Wpointer-arith -Wcast-align -Wall -Werror _mkltmpBJmI3E.c -o _mkltmpBJmI3E.c.o  -L/mnt/c/jsdev1/patronus-data-engine/node_modules/node-rdkafka/build/deps -lpthread -lrt
DBG 179: compile check for c11threads (WITH_C11THREADS) failed: gcc  -g -O2 -fPIC -Wall -Wsign-compare -Wfloat-equal -Wpointer-arith -Wcast-align -Wall -Werror _mkltmpBJmI3E.c -o _mkltmpBJmI3E.c.o  -L/mnt/c/jsdev1/patronus-data-engine/node_modules/node-rdkafka/build/deps -lpthread -lrt: _mkltmpBJmI3E.c:2:10: fatal error: threads.h: No such file or directory
 #include <threads.h>
          ^~~~~~~~~~~
compilation terminated.
DBG 179: Setting c11threads (c11threads) status to failed (action disable)
DBG 179: Check c11threads (WITH_C11THREADS, action disable (originally disable)) failed: compile check failed:
CC: CC
flags: -lpthread -lrt
gcc  -g -O2 -fPIC -Wall -Wsign-compare -Wfloat-equal -Wpointer-arith -Wcast-align -Wall -Werror _mkltmpBJmI3E.c -o _mkltmpBJmI3E.c.o  -L/mnt/c/jsdev1/patronus-data-engine/node_modules/node-rdkafka/build/deps -lpthread -lrt:
_mkltmpBJmI3E.c:2:10: fatal error: threads.h: No such file or directory
 #include <threads.h>
          ^~~~~~~~~~~
compilation terminated.
source: 
#include <threads.h>


static int start_func (void *arg) {
   int iarg = *(int *)arg;
   return iarg;
}

void foo (void) {
    thrd_t thr;
    int arg = 1;
    if (thrd_create(&thr, start_func, (void *)&arg) != thrd_success) {
      ;
    }
}

DBG 179: libdl: Check for static library (libs -ldl, arfile variable STATIC_LIB_libdl=, static filenames )
DBG 179: Compile check libdl (WITH_LIBDL) (sub=0): gcc  -g -O2 -fPIC -Wall -Wsign-compare -Wfloat-equal -Wpointer-arith -Wcast-align -Wall -Werror _mkltmpTIdBCX.c -o _mkltmpTIdBCX.c.o  -L/mnt/c/jsdev1/patronus-data-engine/node_modules/node-rdkafka/build/deps -ldl
DBG 179: Setting libdl (libdl) status to ok (action disable)
DBG 179: libdl: from lib_check: LIBS: prepend -ldl
DBG 179: zlib: Check for static library (libs -lz, arfile variable STATIC_LIB_zlib=, static filenames libz.a)
DBG 179: Compile check zlib (WITH_ZLIB) (sub=0): gcc  -g -O2 -fPIC -Wall -Wsign-compare -Wfloat-equal -Wpointer-arith -Wcast-align -Wall -Werror _mkltmppyJ3HG.c -o _mkltmppyJ3HG.c.o  -L/mnt/c/jsdev1/patronus-data-engine/node_modules/node-rdkafka/build/deps -lz
DBG 179: compile check for zlib (WITH_ZLIB) failed: gcc  -g -O2 -fPIC -Wall -Wsign-compare -Wfloat-equal -Wpointer-arith -Wcast-align -Wall -Werror _mkltmppyJ3HG.c -o _mkltmppyJ3HG.c.o  -L/mnt/c/jsdev1/patronus-data-engine/node_modules/node-rdkafka/build/deps -lz: _mkltmppyJ3HG.c:1:10: fatal error: zlib.h: No such file or directory
 #include <zlib.h>
          ^~~~~~~~
compilation terminated.
DBG 179: Setting zlib (zlib) status to failed (action disable)
DBG 179: Check zlib (WITH_ZLIB, action disable (originally disable)) failed: compile check failed:
CC: CC
flags: -lz
gcc  -g -O2 -fPIC -Wall -Wsign-compare -Wfloat-equal -Wpointer-arith -Wcast-align -Wall -Werror _mkltmppyJ3HG.c -o _mkltmppyJ3HG.c.o  -L/mnt/c/jsdev1/patronus-data-engine/node_modules/node-rdkafka/build/deps -lz:
_mkltmppyJ3HG.c:1:10: fatal error: zlib.h: No such file or directory
 #include <zlib.h>
          ^~~~~~~~
compilation terminated.
source: #include <zlib.h>
DBG 179: libcrypto: Check for static library (libs -lcrypto, arfile variable STATIC_LIB_libcrypto=, static filenames libcrypto.a)
DBG 179: Compile check libcrypto () (sub=0): gcc  -g -O2 -fPIC -Wall -Wsign-compare -Wfloat-equal -Wpointer-arith -Wcast-align -Wall -Werror _mkltmp1wdxt5.c -o _mkltmp1wdxt5.c.o  -L/mnt/c/jsdev1/patronus-data-engine/node_modules/node-rdkafka/build/deps -lcrypto
DBG 179: Setting libcrypto (libcrypto) status to ok (action disable)
DBG 179: libcrypto: from lib_check: LIBS: prepend -lcrypto
DBG 179: libssl: Check for static library (libs -lssl -lcrypto, arfile variable STATIC_LIB_libssl=, static filenames libssl.a)
DBG 179: Compile check libssl (WITH_SSL) (sub=0): gcc  -g -O2 -fPIC -Wall -Wsign-compare -Wfloat-equal -Wpointer-arith -Wcast-align -Wall -Werror _mkltmp0B1sXU.c -o _mkltmp0B1sXU.c.o  -L/mnt/c/jsdev1/patronus-data-engine/node_modules/node-rdkafka/build/deps -lssl -lcrypto
DBG 179: Setting libssl (libssl) status to ok (action disable)
DBG 179: libssl: from lib_check: LIBS: prepend -lssl -lcrypto
DBG 179: libsasl2: Check for static library (libs -lsasl2, arfile variable STATIC_LIB_libsasl2=, static filenames )
DBG 179: Compile check libsasl2 (WITH_SASL_CYRUS) (sub=0): gcc  -g -O2 -fPIC -Wall -Wsign-compare -Wfloat-equal -Wpointer-arith -Wcast-align -Wall -Werror _mkltmp6UFls3.c -o _mkltmp6UFls3.c.o  -L/mnt/c/jsdev1/patronus-data-engine/node_modules/node-rdkafka/build/deps -lsasl2
DBG 179: compile check for libsasl2 (WITH_SASL_CYRUS) failed: gcc  -g -O2 -fPIC -Wall -Wsign-compare -Wfloat-equal -Wpointer-arith -Wcast-align -Wall -Werror _mkltmp6UFls3.c -o _mkltmp6UFls3.c.o  -L/mnt/c/jsdev1/patronus-data-engine/node_modules/node-rdkafka/build/deps -lsasl2: _mkltmp6UFls3.c:1:10: fatal error: sasl/sasl.h: No such file or directory
 #include <sasl/sasl.h>
          ^~~~~~~~~~~~~
compilation terminated.
DBG 179: Setting libsasl2 (libsasl2) status to failed (action disable)
DBG 179: Check libsasl2 (WITH_SASL_CYRUS, action disable (originally disable)) failed: compile check failed:
CC: CC
flags: -lsasl2
gcc  -g -O2 -fPIC -Wall -Wsign-compare -Wfloat-equal -Wpointer-arith -Wcast-align -Wall -Werror _mkltmp6UFls3.c -o _mkltmp6UFls3.c.o  -L/mnt/c/jsdev1/patronus-data-engine/node_modules/node-rdkafka/build/deps -lsasl2:
_mkltmp6UFls3.c:1:10: fatal error: sasl/sasl.h: No such file or directory
 #include <sasl/sasl.h>
          ^~~~~~~~~~~~~
compilation terminated.
source: #include <sasl/sasl.h>
DBG 179: libsasl: Check for static library (libs -lsasl, arfile variable STATIC_LIB_libsasl=, static filenames )
DBG 179: Compile check libsasl (WITH_SASL_CYRUS) (sub=0): gcc  -g -O2 -fPIC -Wall -Wsign-compare -Wfloat-equal -Wpointer-arith -Wcast-align -Wall -Werror _mkltmpuqrNwi.c -o _mkltmpuqrNwi.c.o  -L/mnt/c/jsdev1/patronus-data-engine/node_modules/node-rdkafka/build/deps -lsasl
DBG 179: compile check for libsasl (WITH_SASL_CYRUS) failed: gcc  -g -O2 -fPIC -Wall -Wsign-compare -Wfloat-equal -Wpointer-arith -Wcast-align -Wall -Werror _mkltmpuqrNwi.c -o _mkltmpuqrNwi.c.o  -L/mnt/c/jsdev1/patronus-data-engine/node_modules/node-rdkafka/build/deps -lsasl: _mkltmpuqrNwi.c:1:10: fatal error: sasl/sasl.h: No such file or directory
 #include <sasl/sasl.h>
          ^~~~~~~~~~~~~
compilation terminated.
DBG 179: Setting libsasl (libsasl) status to failed (action disable)
DBG 179: Check libsasl (WITH_SASL_CYRUS, action disable (originally disable)) failed: compile check failed:
CC: CC
flags: -lsasl
gcc  -g -O2 -fPIC -Wall -Wsign-compare -Wfloat-equal -Wpointer-arith -Wcast-align -Wall -Werror _mkltmpuqrNwi.c -o _mkltmpuqrNwi.c.o  -L/mnt/c/jsdev1/patronus-data-engine/node_modules/node-rdkafka/build/deps -lsasl:
_mkltmpuqrNwi.c:1:10: fatal error: sasl/sasl.h: No such file or directory
 #include <sasl/sasl.h>
          ^~~~~~~~~~~~~
compilation terminated.
source: #include <sasl/sasl.h>
DBG 179: libzstd: Check for static library (libs -lzstd, arfile variable STATIC_LIB_libzstd=, static filenames libzstd.a)
DBG 179: Compile check libzstd (WITH_ZSTD) (sub=0): gcc  -g -O2 -fPIC -Wall -Wsign-compare -Wfloat-equal -Wpointer-arith -Wcast-align -Wall -Werror _mkltmpc2Dl7G.c -o _mkltmpc2Dl7G.c.o  -L/mnt/c/jsdev1/patronus-data-engine/node_modules/node-rdkafka/build/deps -lzstd
DBG 179: compile check for libzstd (WITH_ZSTD) failed: gcc  -g -O2 -fPIC -Wall -Wsign-compare -Wfloat-equal -Wpointer-arith -Wcast-align -Wall -Werror _mkltmpc2Dl7G.c -o _mkltmpc2Dl7G.c.o  -L/mnt/c/jsdev1/patronus-data-engine/node_modules/node-rdkafka/build/deps -lzstd: _mkltmpc2Dl7G.c:2:10: fatal error: zstd.h: No such file or directory
 #include <zstd.h>
          ^~~~~~~~
compilation terminated.
DBG 179: Setting libzstd (libzstd) status to failed (action disable)
DBG 179: Check libzstd (WITH_ZSTD, action disable (originally disable)) failed: compile check failed:
CC: CC
flags: -lzstd
gcc  -g -O2 -fPIC -Wall -Wsign-compare -Wfloat-equal -Wpointer-arith -Wcast-align -Wall -Werror _mkltmpc2Dl7G.c -o _mkltmpc2Dl7G.c.o  -L/mnt/c/jsdev1/patronus-data-engine/node_modules/node-rdkafka/build/deps -lzstd:
_mkltmpc2Dl7G.c:2:10: fatal error: zstd.h: No such file or directory
 #include <zstd.h>
          ^~~~~~~~
compilation terminated.
source: 
#include <zstd.h>
#include <zstd_errors.h>

void foo (void) {
     ZSTD_getFrameContentSize(NULL, 0);
}

DBG 179: libm: Check for static library (libs -lm, arfile variable STATIC_LIB_libm=, static filenames )
DBG 179: Compile check libm () (sub=0): gcc  -g -O2 -fPIC -Wall -Wsign-compare -Wfloat-equal -Wpointer-arith -Wcast-align -Wall -Werror _mkltmpuANqvJ.c -o _mkltmpuANqvJ.c.o  -L/mnt/c/jsdev1/patronus-data-engine/node_modules/node-rdkafka/build/deps -lm
DBG 179: Setting libm (libm) status to ok (action disable)
DBG 179: libm: from lib_check: LIBS: prepend -lm
DBG 179: liblz4: Check for static library (libs -llz4, arfile variable STATIC_LIB_liblz4=, static filenames liblz4.a)
DBG 179: Compile check liblz4 (WITH_LZ4_EXT) (sub=0): gcc  -g -O2 -fPIC -Wall -Wsign-compare -Wfloat-equal -Wpointer-arith -Wcast-align -Wall -Werror _mkltmpxbnvnP.c -o _mkltmpxbnvnP.c.o  -L/mnt/c/jsdev1/patronus-data-engine/node_modules/node-rdkafka/build/deps -llz4
DBG 179: compile check for liblz4 (WITH_LZ4_EXT) failed: gcc  -g -O2 -fPIC -Wall -Wsign-compare -Wfloat-equal -Wpointer-arith -Wcast-align -Wall -Werror _mkltmpxbnvnP.c -o _mkltmpxbnvnP.c.o  -L/mnt/c/jsdev1/patronus-data-engine/node_modules/node-rdkafka/build/deps -llz4: _mkltmpxbnvnP.c:1:10: fatal error: lz4frame.h: No such file or directory
 #include <lz4frame.h>
          ^~~~~~~~~~~~
compilation terminated.
DBG 179: Setting liblz4 (liblz4) status to failed (action disable)
DBG 179: Check liblz4 (WITH_LZ4_EXT, action disable (originally disable)) failed: compile check failed:
CC: CC
flags: -llz4
gcc  -g -O2 -fPIC -Wall -Wsign-compare -Wfloat-equal -Wpointer-arith -Wcast-align -Wall -Werror _mkltmpxbnvnP.c -o _mkltmpxbnvnP.c.o  -L/mnt/c/jsdev1/patronus-data-engine/node_modules/node-rdkafka/build/deps -llz4:
_mkltmpxbnvnP.c:1:10: fatal error: lz4frame.h: No such file or directory
 #include <lz4frame.h>
          ^~~~~~~~~~~~
compilation terminated.
source: #include <lz4frame.h>
DBG 179: Compile check rapidjson (WITH_RAPIDJSON) (sub=0): g++  -g -O2 -fPIC -Wall -Wsign-compare -Wfloat-equal -Wpointer-arith -Wcast-align -Wall -Werror _mkltmprsLY7l.cpp -o _mkltmprsLY7l.cpp.o  -L/mnt/c/jsdev1/patronus-data-engine/node_modules/node-rdkafka/build/deps 
DBG 179: compile check for rapidjson (WITH_RAPIDJSON) failed: g++  -g -O2 -fPIC -Wall -Wsign-compare -Wfloat-equal -Wpointer-arith -Wcast-align -Wall -Werror _mkltmprsLY7l.cpp -o _mkltmprsLY7l.cpp.o  -L/mnt/c/jsdev1/patronus-data-engine/node_modules/node-rdkafka/build/deps : _mkltmprsLY7l.cpp:1:10: fatal error: rapidjson/schema.h: No such file or directory
 #include <rapidjson/schema.h>
          ^~~~~~~~~~~~~~~~~~~~
compilation terminated.
DBG 179: Setting rapidjson (rapidjson) status to failed (action disable)
DBG 179: Check rapidjson (WITH_RAPIDJSON, action disable (originally disable)) failed: compile check failed:
CC: CXX
flags: 
g++  -g -O2 -fPIC -Wall -Wsign-compare -Wfloat-equal -Wpointer-arith -Wcast-align -Wall -Werror _mkltmprsLY7l.cpp -o _mkltmprsLY7l.cpp.o  -L/mnt/c/jsdev1/patronus-data-engine/node_modules/node-rdkafka/build/deps :
_mkltmprsLY7l.cpp:1:10: fatal error: rapidjson/schema.h: No such file or directory
 #include <rapidjson/schema.h>
          ^~~~~~~~~~~~~~~~~~~~
compilation terminated.
source: #include <rapidjson/schema.h>
DBG 179: Compile check crc32chw (WITH_CRC32C_HW) (sub=0): gcc  -g -O2 -fPIC -Wall -Wsign-compare -Wfloat-equal -Wpointer-arith -Wcast-align -Wall -Werror _mkltmpRytuXb.c -o _mkltmpRytuXb.c.o  -L/mnt/c/jsdev1/patronus-data-engine/node_modules/node-rdkafka/build/deps 
DBG 179: Setting crc32chw (crc32chw) status to ok (action disable)
DBG 179: Compile check regex (HAVE_REGEX) (sub=0): gcc  -g -O2 -fPIC -Wall -Wsign-compare -Wfloat-equal -Wpointer-arith -Wcast-align -Wall -Werror _mkltmpXYvJmS.c -o _mkltmpXYvJmS.c.o  -L/mnt/c/jsdev1/patronus-data-engine/node_modules/node-rdkafka/build/deps 
DBG 179: Setting regex (regex) status to ok (action disable)
DBG 179: Compile check strndup (HAVE_STRNDUP) (sub=0): gcc  -g -O2 -fPIC -Wall -Wsign-compare -Wfloat-equal -Wpointer-arith -Wcast-align -Wall -Werror _mkltmpsSPnvZ.c -o _mkltmpsSPnvZ.c.o  -L/mnt/c/jsdev1/patronus-data-engine/node_modules/node-rdkafka/build/deps 
DBG 179: Setting strndup (strndup) status to ok (action disable)
DBG 179: Compile check strlcpy (HAVE_STRLCPY) (sub=0): gcc  -g -O2 -fPIC -Wall -Wsign-compare -Wfloat-equal -Wpointer-arith -Wcast-align -Wall -Werror _mkltmpXmp3ZT.c -o _mkltmpXmp3ZT.c.o  -L/mnt/c/jsdev1/patronus-data-engine/node_modules/node-rdkafka/build/deps 
DBG 179: compile check for strlcpy (HAVE_STRLCPY) failed: gcc  -g -O2 -fPIC -Wall -Wsign-compare -Wfloat-equal -Wpointer-arith -Wcast-align -Wall -Werror _mkltmpXmp3ZT.c -o _mkltmpXmp3ZT.c.o  -L/mnt/c/jsdev1/patronus-data-engine/node_modules/node-rdkafka/build/deps : _mkltmpXmp3ZT.c: In function ‘foo’:
_mkltmpXmp3ZT.c:6:11: error: implicit declaration of function ‘strlcpy’; did you mean ‘strncpy’? [-Werror=implicit-function-declaration]
    return strlcpy(dest, "something", sizeof(dest));
           ^~~~~~~
           strncpy
cc1: all warnings being treated as errors
DBG 179: Setting strlcpy (strlcpy) status to failed (action disable)
DBG 179: Check strlcpy (HAVE_STRLCPY, action disable (originally disable)) failed: compile check failed:
CC: CC
flags: 
gcc  -g -O2 -fPIC -Wall -Wsign-compare -Wfloat-equal -Wpointer-arith -Wcast-align -Wall -Werror _mkltmpXmp3ZT.c -o _mkltmpXmp3ZT.c.o  -L/mnt/c/jsdev1/patronus-data-engine/node_modules/node-rdkafka/build/deps :
_mkltmpXmp3ZT.c: In function ‘foo’:
_mkltmpXmp3ZT.c:6:11: error: implicit declaration of function ‘strlcpy’; did you mean ‘strncpy’? [-Werror=implicit-function-declaration]
    return strlcpy(dest, "something", sizeof(dest));
           ^~~~~~~
           strncpy
cc1: all warnings being treated as errors
source: 
#define _DARWIN_C_SOURCE
#include <string.h>
int foo (void) {
    char dest[4];
   return strlcpy(dest, "something", sizeof(dest));
}
DBG 179: Compile check strerror_r (HAVE_STRERROR_R) (sub=0): gcc  -g -O2 -fPIC -Wall -Wsign-compare -Wfloat-equal -Wpointer-arith -Wcast-align -Wall -Werror _mkltmp7wcQRH.c -o _mkltmp7wcQRH.c.o  -L/mnt/c/jsdev1/patronus-data-engine/node_modules/node-rdkafka/build/deps 
DBG 179: Setting strerror_r (strerror_r) status to ok (action disable)
DBG 179: Compile check pthread_setname_gnu (HAVE_PTHREAD_SETNAME_GNU) (sub=0): gcc  -g -O2 -fPIC -Wall -Wsign-compare -Wfloat-equal -Wpointer-arith -Wcast-align -Wall -Werror _mkltmpEnXQG3.c -o _mkltmpEnXQG3.c.o  -L/mnt/c/jsdev1/patronus-data-engine/node_modules/node-rdkafka/build/deps -D_GNU_SOURCE -lpthread
DBG 179: Setting pthread_setname_gnu (pthread_setname_gnu) status to ok (action disable)
DBG 179: Setting nm (nm) status to ok (action cont)
DBG 179: Setting python (python) status to ok (action disable)
DBG 179: Compile check getrusage (HAVE_GETRUSAGE) (sub=0): gcc  -g -O2 -fPIC -Wall -Wsign-compare -Wfloat-equal -Wpointer-arith -Wcast-align -Wall -Werror _mkltmpLRNGOA.c -o _mkltmpLRNGOA.c.o  -L/mnt/c/jsdev1/patronus-data-engine/node_modules/node-rdkafka/build/deps 
DBG 179: Setting getrusage (getrusage) status to ok (action disable)
